This is pdfTeX, Version 3.1415926-2.4-1.40.13 (TeX Live 2012/Debian) (format=pdflatex 2014.7.6)  9 JUL 2014 13:33
entering extended mode
 restricted \write18 enabled.
 %&-line parsing enabled.
**luteria_v0.6.QUALIFICA.tex
(./luteria_v0.6.QUALIFICA.tex
LaTeX2e <2011/06/27>
Babel <v3.8m> and hyphenation patterns for english, dumylang, nohyphenation, po
rtuguese, loaded.
(/usr/local/share/texmf/tex/latex/abntex2/abntex2.cls
Document Class: abntex2 2014/01/26 v1.9.2 abnTeX2
(/usr/share/texlive/texmf-dist/tex/latex/base/ifthen.sty
Package: ifthen 2001/05/26 v1.1c Standard LaTeX ifthen package (DPC)
)
(/usr/share/texlive/texmf-dist/tex/latex/memoir/memoir.cls
Document Class: memoir 2011/03/06 v3.6j configurable book, report, article docu
ment class
\onelineskip=\skip41
\lxvchars=\skip42
\xlvchars=\skip43
\@memcnta=\count79
\c@@memmarkcntra=\count80
(/usr/share/texlive/texmf-dist/tex/generic/oberdiek/ifpdf.sty
Package: ifpdf 2011/01/30 v2.3 Provides the ifpdf switch (HO)
Package ifpdf Info: pdfTeX in PDF mode is detected.
)
Class memoir Info: An `ifetex' package is being emulated on input line 251.

(/usr/share/texlive/texmf-dist/tex/generic/ifxetex/ifxetex.sty
Package: ifxetex 2010/09/12 v0.6 Provides ifxetex conditional
)
(/usr/share/texlive/texmf-dist/tex/generic/oberdiek/ifluatex.sty
Package: ifluatex 2010/03/01 v1.3 Provides the ifluatex switch (HO)
Package ifluatex Info: LuaTeX not detected.
)
\stockheight=\skip44
\stockwidth=\skip45
\trimtop=\skip46
\trimedge=\skip47

(/usr/share/texlive/texmf-dist/tex/latex/etex-pkg/etex.sty
Package: etex 1998/03/26 v2.0 eTeX basic definition package (PEB)
\et@xins=\count81
)
(/usr/share/texlive/texmf-dist/tex/latex/memoir/mem12.clo
File: mem12.clo 2010/10/19 v0.4b memoir class 12pt size option
)
\binding=\skip48
\spinemargin=\skip49
\foremargin=\skip50
\uppermargin=\skip51
\lowermargin=\skip52
\headdrop=\skip53
\normalrulethickness=\skip54
\mem@maxheadheight=\skip55
\mem@maxfootheight=\skip56
\headwidth=\skip57
\c@storedpagenumber=\count82
\memPD=\dimen102
\m@mabparskip=\skip58
\thanksmarkwidth=\skip59
\thanksmarksep=\skip60
\droptitle=\skip61
\c@book=\count83
\c@part=\count84
\c@chapter=\count85
\c@section=\count86
\c@subsection=\count87
\c@subsubsection=\count88
\c@paragraph=\count89
\c@subparagraph=\count90
\beforechapskip=\skip62
\midchapskip=\skip63
\afterchapskip=\skip64
\chapindent=\skip65
\bottomsectionskip=\skip66
\secindent=\skip67
\beforesecskip=\skip68
\aftersecskip=\skip69
\subsecindent=\skip70
\beforesubsecskip=\skip71
\aftersubsecskip=\skip72
\subsubsecindent=\skip73
\beforesubsubsecskip=\skip74
\aftersubsubsecskip=\skip75
\paraindent=\skip76
\beforeparaskip=\skip77
\afterparaskip=\skip78
\subparaindent=\skip79
\beforesubparaskip=\skip80
\aftersubparaskip=\skip81
\pfbreakskip=\skip82
\c@@ppsavesec=\count91
\c@@ppsaveapp=\count92
\ragrparindent=\dimen103
\everylistparindent=\dimen104
\parsepi=\skip83
\topsepi=\skip84
\itemsepi=\skip85
\parsepii=\skip86
\topsepii=\skip87
\topsepiii=\skip88
\itemsepii=\skip89
\itemsepiii=\skip90
\partopsepii=\skip91
\partopsepiii=\skip92
\m@msavetopsep=\skip93
\m@msavepartopsep=\skip94
\@enLab=\toks14
\abstitleskip=\skip95
\absleftindent=\skip96
\abs@leftindent=\dimen105
\absrightindent=\skip97
\absparindent=\skip98
\absparsep=\skip99
\c@vslineno=\count93
\c@poemline=\count94
\c@modulo@vs=\count95
\c@memfvsline=\count96
\vleftskip=\skip100
\vrightskip=\skip101
\stanzaskip=\skip102
\versewidth=\skip103
\vgap=\skip104
\vindent=\skip105
\vleftmargin=\dimen106
\c@verse=\count97
\c@chrsinstr=\count98
\beforepoemtitleskip=\skip106
\afterpoemtitleskip=\skip107
\c@poem=\count99
\beforePoemTitleskip=\skip108
\midPoemTitleskip=\skip109
\afterPoemTitleskip=\skip110
\col@sep=\dimen107
\extrarowheight=\dimen108
\NC@list=\toks15
\extratabsurround=\skip111
\backup@length=\skip112
\TX@col@width=\dimen109
\TX@old@table=\dimen110
\TX@old@col=\dimen111
\TX@target=\dimen112
\TX@delta=\dimen113
\TX@cols=\count100
\TX@ftn=\toks16
\heavyrulewidth=\dimen114
\lightrulewidth=\dimen115
\cmidrulewidth=\dimen116
\belowrulesep=\dimen117
\belowbottomsep=\dimen118
\aboverulesep=\dimen119
\abovetopsep=\dimen120
\cmidrulesep=\dimen121
\cmidrulekern=\dimen122
\defaultaddspace=\dimen123
\@cmidla=\count101
\@cmidlb=\count102
\@aboverulesep=\dimen124
\@belowrulesep=\dimen125
\@thisruleclass=\count103
\@lastruleclass=\count104
\@thisrulewidth=\dimen126
\ctableftskip=\skip113
\ctabrightskip=\skip114
\abovecolumnspenalty=\count105
\@linestogo=\count106
\@cellstogo=\count107
\@cellsincolumn=\count108
\crtok=\toks17
\@mincolumnwidth=\dimen127
\c@newflo@tctr=\count109
\mem@margin@floatbox=\box26
\@contcwidth=\skip115
\@contindw=\skip116
\abovecaptionskip=\skip117
\belowcaptionskip=\skip118
\subfloattopskip=\skip119
\subfloatcapskip=\skip120
\subfloatcaptopadj=\skip121
\subfloatbottomskip=\skip122
\subfloatlabelskip=\skip123
\subfloatcapmargin=\dimen128
\c@@contsubnum=\count110
\m@mscap@capbox=\box27
\m@mscap@fbox=\box28
\sidecapsep=\dimen129
\sidecapwidth=\dimen130
\m@m@tempdima=\dimen131
\m@mscapraise=\dimen132
\sidecapraise=\dimen133
\m@mscapmainwidth=\dimen134
\m@mscaplkern=\dimen135
\beforeepigraphskip=\skip124
\afterepigraphskip=\skip125
\epigraphwidth=\skip126
\epigraphrule=\skip127
LaTeX Info: Redefining \em on input line 7377.
LaTeX Info: Redefining \emph on input line 7385.
\tocentryskip=\skip128
\tocbaseline=\skip129
\cftparskip=\skip130
\cftbeforebookskip=\skip131
\cftbookindent=\dimen136
\cftbooknumwidth=\dimen137
\cftbeforepartskip=\skip132
\cftpartindent=\skip133
\cftpartnumwidth=\skip134
\cftbeforechapterskip=\skip135
\cftchapterindent=\skip136
\cftchapternumwidth=\skip137
\cftbeforesectionskip=\skip138
\cftsectionindent=\skip139
\cftsectionnumwidth=\skip140
\cftbeforesubsectionskip=\skip141
\cftsubsectionindent=\skip142
\cftsubsectionnumwidth=\skip143
\cftbeforesubsubsectionskip=\skip144
\cftsubsubsectionindent=\skip145
\cftsubsubsectionnumwidth=\skip146
\cftbeforeparagraphskip=\skip147
\cftparagraphindent=\skip148
\cftparagraphnumwidth=\skip149
\cftbeforesubparagraphskip=\skip150
\cftsubparagraphindent=\skip151
\cftsubparagraphnumwidth=\skip152
\prechapterprecisshift=\dimen138
\c@maxsecnumdepth=\count111
\bibindent=\dimen139
\bibitemsep=\skip153
\indexcolsep=\skip154
\indexrule=\skip155
\indexmarkstyle=\toks18
\@indexbox=\insert233
\glossarycolsep=\dimen140
\glossaryrule=\dimen141
\sideparvshift=\skip156
\sideins=\insert232
\sidebartopsep=\skip157
\sidebarhsep=\skip158
\sidebarvsep=\skip159
\sidebarwidth=\skip160
\footmarkwidth=\skip161
\footmarksep=\skip162
\footparindent=\skip163
\footinsdim=\skip164
\footinsv@r=\insert231
\@mpfootinsv@r=\insert230
\m@m@k=\count112
\m@m@h=\dimen142
\m@mipn@skip=\skip165
\sidefootins=\insert229
\sidefootadjust=\skip166
\sidefootheight=\skip167
\sidefoothsep=\skip168
\sidefootvsep=\skip169
\sidefootwidth=\skip170
\m@mdownsf=\skip171
\c@sidefootnote=\count113
\sidefootmarkwidth=\skip172
\sidefootmarksep=\skip173
\sidefootparindent=\skip174
\c@pagenote=\count114
\c@pagenoteshadow=\count115
\mem@pn@lastkern=\skip175
\every@verbatim=\toks19
\afterevery@verbatim=\toks20
\verbatim@line=\toks21
\tab@position=\count116
\verbatim@in@stream=\read1
\verbatimindent=\skip176
\verbatim@out=\write3
\bvboxsep=\skip177
\c@memfbvline=\count117
\c@bvlinectr=\count118
\bvnumlength=\skip178
\fb@frw=\dimen143
\fb@frh=\dimen144
\FrameRule=\dimen145
\FrameSep=\dimen146
\c@cp@cntr=\count119
LaTeX Info: Redefining \: on input line 11807.
LaTeX Info: Redefining \! on input line 11809.
\c@ism@mctr=\count120
\c@xsm@mctr=\count121
\c@csm@mctr=\count122
\c@ksm@mctr=\count123
\c@xksm@mctr=\count124
\c@cksm@mctr=\count125
\c@msm@mctr=\count126
\c@xmsm@mctr=\count127
\c@cmsm@mctr=\count128
\c@bsm@mctr=\count129
\c@workm@mctr=\count130
\c@sheetsequence=\count131
\c@lastsheet=\count132
\c@lastpage=\count133
\c@figure=\count134
\c@lofdepth=\count135
\cftbeforefigureskip=\skip179
\cftfigureindent=\skip180
\cftfigurenumwidth=\skip181
\c@table=\count136
\c@lotdepth=\count137
\cftbeforetableskip=\skip182
\cfttableindent=\skip183
\cfttablenumwidth=\skip184
Package abstract [2008/07/23] emulated by memoir.
Package appendix [2008/07/23] emulated by memoir.
Package array [2008/07/23] emulated by memoir.
Package booktabs [2008/07/23] emulated by memoir.
Package ccaption [2008/07/23] emulated by memoir.
Package changepage [2008/07/23] emulated by memoir.
Package chngcntr [2008/07/23] emulated by memoir.
Package chngpage [2008/07/23] emulated by memoir.
Package crop emulated by memoir.
Package dcolumn [2008/07/23] emulated by memoir.
Package delarray [2008/07/23] emulated by memoir.
Package enumerate [2008/07/23] emulated by memoir.
Package epigraph [2008/07/23] emulated by memoir.
Package ifmtarg [2008/07/23] emulated by memoir.
Package ifetex [2008/07/23] emulated by memoir.
Package index [2008/07/23] emulated by memoir.
Package makeidx [2008/07/23] emulated by memoir.
Package moreverb [2008/07/23] emulated by memoir.
Package mparhack [2008/07/23] emulated by memoir.
Package needspace [2008/07/23] emulated by memoir.
Package newfile [2008/07/23] emulated by memoir.
Package nextpage [2008/07/23] emulated by memoir.
Package pagenote [2008/07/23] emulated by memoir.
Package parskip [2008/07/23] emulated by memoir.
Package patchcmd [2008/07/23] emulated by memoir.
Package setspace [2008/07/23] emulated by memoir.
Package shortvrb [2008/07/23] emulated by memoir.
Package showidx [2008/07/23] emulated by memoir.
Package tabularx [2008/07/23] emulated by memoir.
Package titleref [2008/07/23] emulated by memoir.
Package titling [2008/07/23] emulated by memoir.
Package tocbibind [2008/07/23] emulated by memoir.
Package tocloft [2008/07/23] emulated by memoir.
Package tocvsec2 [2008/07/23] emulated by memoir.
Package verbatim [2008/07/23] emulated by memoir.
Package verse [2008/07/23] emulated by memoir.

(/usr/share/texlive/texmf-dist/tex/latex/memoir/mempatch.sty
Package: mempatch 2009/07/24 v6.0f Patches for memoir class v1.6180339
))
(/usr/share/texlive/texmf-dist/tex/latex/textcase/textcase.sty
Package: textcase 2004/10/07 v0.07 Text only upper/lower case changing (DPC)
)
(/usr/share/texlive/texmf-dist/tex/latex/hyperref/hyperref.sty
Package: hyperref 2012/05/13 v6.82q Hypertext links for LaTeX

(/usr/share/texlive/texmf-dist/tex/generic/oberdiek/hobsub-hyperref.sty
Package: hobsub-hyperref 2012/05/28 v1.13 Bundle oberdiek, subset hyperref (HO)


(/usr/share/texlive/texmf-dist/tex/generic/oberdiek/hobsub-generic.sty
Package: hobsub-generic 2012/05/28 v1.13 Bundle oberdiek, subset generic (HO)
Package: hobsub 2012/05/28 v1.13 Construct package bundles (HO)
Package: infwarerr 2010/04/08 v1.3 Providing info/warning/error messages (HO)
Package: ltxcmds 2011/11/09 v1.22 LaTeX kernel commands for general use (HO)
Package hobsub Info: Skipping package `ifluatex' (already loaded).
Package: ifvtex 2010/03/01 v1.5 Detect VTeX and its facilities (HO)
Package ifvtex Info: VTeX not detected.
Package: intcalc 2007/09/27 v1.1 Expandable calculations with integers (HO)
Package hobsub Info: Skipping package `ifpdf' (already loaded).
Package: etexcmds 2011/02/16 v1.5 Avoid name clashes with e-TeX commands (HO)
Package etexcmds Info: Could not find \expanded.
(etexcmds)             That can mean that you are not using pdfTeX 1.50 or
(etexcmds)             that some package has redefined \expanded.
(etexcmds)             In the latter case, load this package earlier.
Package: kvsetkeys 2012/04/25 v1.16 Key value parser (HO)
Package: kvdefinekeys 2011/04/07 v1.3 Define keys (HO)
Package: pdftexcmds 2011/11/29 v0.20 Utility functions of pdfTeX for LuaTeX (HO
)
Package pdftexcmds Info: LuaTeX not detected.
Package pdftexcmds Info: \pdf@primitive is available.
Package pdftexcmds Info: \pdf@ifprimitive is available.
Package pdftexcmds Info: \pdfdraftmode found.
Package: pdfescape 2011/11/25 v1.13 Implements pdfTeX's escape features (HO)
Package: bigintcalc 2012/04/08 v1.3 Expandable calculations on big integers (HO
)
Package: bitset 2011/01/30 v1.1 Handle bit-vector datatype (HO)
Package: uniquecounter 2011/01/30 v1.2 Provide unlimited unique counter (HO)
)
Package hobsub Info: Skipping package `hobsub' (already loaded).
Package: letltxmacro 2010/09/02 v1.4 Let assignment for LaTeX macros (HO)
Package: hopatch 2012/05/28 v1.2 Wrapper for package hooks (HO)
Package: xcolor-patch 2011/01/30 xcolor patch
Package: atveryend 2011/06/30 v1.8 Hooks at the very end of document (HO)
Package atveryend Info: \enddocument detected (standard20110627).
Package: atbegshi 2011/10/05 v1.16 At begin shipout hook (HO)
Package: refcount 2011/10/16 v3.4 Data extraction from label references (HO)
Package: hycolor 2011/01/30 v1.7 Color options for hyperref/bookmark (HO)
)
(/usr/share/texlive/texmf-dist/tex/latex/graphics/keyval.sty
Package: keyval 1999/03/16 v1.13 key=value parser (DPC)
\KV@toks@=\toks22
)
(/usr/share/texlive/texmf-dist/tex/latex/oberdiek/kvoptions.sty
Package: kvoptions 2011/06/30 v3.11 Key value format for package options (HO)
)
\@linkdim=\dimen147
\Hy@linkcounter=\count138
\Hy@pagecounter=\count139

(/usr/share/texlive/texmf-dist/tex/latex/hyperref/pd1enc.def
File: pd1enc.def 2012/05/13 v6.82q Hyperref: PDFDocEncoding definition (HO)
)
\Hy@SavedSpaceFactor=\count140

(/usr/share/texlive/texmf-dist/tex/latex/latexconfig/hyperref.cfg
File: hyperref.cfg 2002/06/06 v1.2 hyperref configuration of TeXLive
)
Package hyperref Info: Hyper figures OFF on input line 4062.
Package hyperref Info: Link nesting OFF on input line 4067.
Package hyperref Info: Hyper index ON on input line 4070.
Package hyperref Info: Plain pages OFF on input line 4077.
Package hyperref Info: Backreferencing OFF on input line 4082.
Package hyperref Info: Implicit mode ON; LaTeX internals redefined.
Package hyperref Info: Bookmarks ON on input line 4300.
\c@Hy@tempcnt=\count141

(/usr/share/texlive/texmf-dist/tex/latex/url/url.sty
\Urlmuskip=\muskip10
Package: url 2006/04/12  ver 3.3  Verb mode for urls, etc.
)
LaTeX Info: Redefining \url on input line 4653.
\Fld@menulength=\count142
\Field@Width=\dimen148
\Fld@charsize=\dimen149
Package hyperref Info: Hyper figures OFF on input line 5773.
Package hyperref Info: Link nesting OFF on input line 5778.
Package hyperref Info: Hyper index ON on input line 5781.
Package hyperref Info: backreferencing OFF on input line 5788.
Package hyperref Info: Link coloring OFF on input line 5793.
Package hyperref Info: Link coloring with OCG OFF on input line 5798.
Package hyperref Info: PDF/A mode OFF on input line 5803.
LaTeX Info: Redefining \ref on input line 5843.
LaTeX Info: Redefining \pageref on input line 5847.
\Hy@abspage=\count143
\c@Item=\count144
\c@Hfootnote=\count145
)
(/usr/share/texlive/texmf-dist/tex/latex/memoir/memhfixc.sty
Package: memhfixc 2010/08/17 v1.15 nameref/hyperref package fixes for memoir cl
ass
\c@memhycontfloat=\count146
)

Package hyperref Message: Driver (autodetected): hpdftex.

(/usr/share/texlive/texmf-dist/tex/latex/hyperref/hpdftex.def
File: hpdftex.def 2012/05/13 v6.82q Hyperref driver for pdfTeX
\Fld@listcount=\count147
\c@bookmark@seq@number=\count148

(/usr/share/texlive/texmf-dist/tex/latex/oberdiek/rerunfilecheck.sty
Package: rerunfilecheck 2011/04/15 v1.7 Rerun checks for auxiliary files (HO)
Package uniquecounter Info: New unique counter `rerunfilecheck' on input line 2
82.
)
\Hy@SectionHShift=\skip185
)
(/usr/share/texlive/texmf-dist/tex/latex/oberdiek/bookmark.sty
Package: bookmark 2011/12/02 v1.24 PDF bookmarks (HO)

(/usr/share/texlive/texmf-dist/tex/latex/oberdiek/auxhook.sty
Package: auxhook 2011/03/04 v1.3 Hooks for auxiliary files (HO)
)
(/usr/share/texlive/texmf-dist/tex/latex/oberdiek/bkm-pdftex.def
File: bkm-pdftex.def 2011/12/02 v1.24 bookmark driver for pdfTeX (HO)
\BKM@id=\count149
))
(/usr/share/texlive/texmf-dist/tex/generic/babel/babel.sty
Package: babel 2008/07/08 v3.8m The Babel package

(/usr/share/texlive/texmf-dist/tex/generic/babel/english.ldf
Language: english 2005/03/30 v3.3o English support from the babel system

(/usr/share/texlive/texmf-dist/tex/generic/babel/babel.def
File: babel.def 2008/07/08 v3.8m Babel common definitions
\babel@savecnt=\count150
\U@D=\dimen150
)
\l@british = a dialect from \language\l@english 
\l@UKenglish = a dialect from \language\l@english 
\l@canadian = a dialect from \language\l@american 
\l@australian = a dialect from \language\l@british 
\l@newzealand = a dialect from \language\l@british 
)
(/usr/share/texlive/texmf-dist/tex/generic/babel/frenchb.ldf
Language: frenchb 2010/08/21 v2.5a French support from the babel system


Package babel Warning: No hyphenation patterns were loaded for
(babel)                the language `French'
(babel)                I will use the patterns loaded for \language=0 instead.

\l@french = a dialect from \language0
Package babel Info: Making : an active character on input line 234.
Package babel Info: Making ; an active character on input line 235.
Package babel Info: Making ! an active character on input line 236.
Package babel Info: Making ? an active character on input line 237.
\FB@Mht=\dimen151
\std@mcc=\count151
\dec@mcc=\count152
\parindentFFN=\dimen152
*************************************
* Local config file frenchb.cfg used
*
(/usr/share/texlive/texmf-dist/tex/generic/babel/frenchb.cfg))
(/usr/share/texlive/texmf-dist/tex/generic/babel/spanish.ldf
Language: spanish.ldf 2011/10/06 v5.0k Spanish support from the babel system


Package babel Warning: No hyphenation patterns were loaded for
(babel)                the language `Spanish'
(babel)                I will use the patterns loaded for \language=0 instead.

\l@spanish = a dialect from \language0
\es@datefmt=\count153
\es@quottoks=\toks23
\es@quotdepth=\count154
Package babel Info: Making " an active character on input line 496.
Package babel Info: Making . an active character on input line 599.
Package babel Info: Making < an active character on input line 644.
Package babel Info: Making > an active character on input line 644.
) (/usr/share/texlive/texmf-dist/tex/generic/babel/portuges.ldf
Language: portuges 2008/03/18 v1.2q Portuguese support from the babel system
\l@brazil = a dialect from \language\l@portuges 
Package babel Info: Making " an active character on input line 145.
))
(/usr/share/texlive/texmf-dist/tex/latex/carlisle/scalefnt.sty)
(/usr/share/texlive/texmf-dist/tex/latex/enumitem/enumitem.sty
Package: enumitem 2011/09/28 v3.5.2 Customized lists
\labelindent=\skip186
\enit@outerparindent=\dimen153
\enit@toks=\toks24
\enit@inbox=\box29
\enitdp@description=\count155
)
(/usr/share/texlive/texmf-dist/tex/latex/tools/calc.sty
Package: calc 2007/08/22 v4.3 Infix arithmetic (KKT,FJ)
\calc@Acount=\count156
\calc@Bcount=\count157
\calc@Adimen=\dimen154
\calc@Bdimen=\dimen155
\calc@Askip=\skip187
\calc@Bskip=\skip188
LaTeX Info: Redefining \setlength on input line 76.
LaTeX Info: Redefining \addtolength on input line 77.
\calc@Ccount=\count158
\calc@Cskip=\skip189
)

******************************************************
Stock height and width: 845.04684pt by 597.50787pt
Top and edge trims: 0pt and 0pt
Page height and width: 845.04684pt by 597.50787pt
Text height and width: 708pt by 455pt
Spine and edge margins: 85.35826pt and 56.9055pt
Upper and lower margins: 85.35826pt and 51.68858pt
Headheight and headsep: 14.5pt and 19.8738pt
Footskip: 30pt
Columnsep and columnseprule: 10pt and 0pt
Marginparsep and marginparwidth: 7pt and 92pt
Sidecapsep and sidecapwidth: 7pt and 92pt
Sidebarhsep and sidebarwidth: 7pt and 92pt
Sidebarvsep and sidebartopsep: 14.5pt and 0pt
Sidebarheight: 590.14995pt
Sidefoothsep and sidefootwidth: 7pt and 92pt
Sidefootvsep and sidefootheight: 14.5pt and 590.14995pt
******************************************************

\c@abntex@bookmarkcounter=\count159
\cftlastnumwidth=\skip190
\chapternamenumlength=\skip191
\ABNTEXcitacaorecuo=\skip192
\c@alineasi=\count160
\c@alineasii=\count161
\enitdp@alineas=\count162
\c@subalineasi=\count163
\enitdp@subalineas=\count164
\c@incisosi=\count165
\enitdp@incisos=\count166
\ABNTEXsignwidth=\skip193
\ABNTEXsignthickness=\skip194
\ABNTEXsignskip=\skip195
) (/usr/share/texmf/tex/latex/lm/lmodern.sty
Package: lmodern 2009/10/30 v1.6 Latin Modern Fonts
LaTeX Font Info:    Overwriting symbol font `operators' in version `normal'
(Font)                  OT1/cmr/m/n --> OT1/lmr/m/n on input line 22.
LaTeX Font Info:    Overwriting symbol font `letters' in version `normal'
(Font)                  OML/cmm/m/it --> OML/lmm/m/it on input line 23.
LaTeX Font Info:    Overwriting symbol font `symbols' in version `normal'
(Font)                  OMS/cmsy/m/n --> OMS/lmsy/m/n on input line 24.
LaTeX Font Info:    Overwriting symbol font `largesymbols' in version `normal'
(Font)                  OMX/cmex/m/n --> OMX/lmex/m/n on input line 25.
LaTeX Font Info:    Overwriting symbol font `operators' in version `bold'
(Font)                  OT1/cmr/bx/n --> OT1/lmr/bx/n on input line 26.
LaTeX Font Info:    Overwriting symbol font `letters' in version `bold'
(Font)                  OML/cmm/b/it --> OML/lmm/b/it on input line 27.
LaTeX Font Info:    Overwriting symbol font `symbols' in version `bold'
(Font)                  OMS/cmsy/b/n --> OMS/lmsy/b/n on input line 28.
LaTeX Font Info:    Overwriting symbol font `largesymbols' in version `bold'
(Font)                  OMX/cmex/m/n --> OMX/lmex/m/n on input line 29.
LaTeX Font Info:    Overwriting math alphabet `\mathbf' in version `normal'
(Font)                  OT1/cmr/bx/n --> OT1/lmr/bx/n on input line 31.
LaTeX Font Info:    Overwriting math alphabet `\mathsf' in version `normal'
(Font)                  OT1/cmss/m/n --> OT1/lmss/m/n on input line 32.
LaTeX Font Info:    Overwriting math alphabet `\mathit' in version `normal'
(Font)                  OT1/cmr/m/it --> OT1/lmr/m/it on input line 33.
LaTeX Font Info:    Overwriting math alphabet `\mathtt' in version `normal'
(Font)                  OT1/cmtt/m/n --> OT1/lmtt/m/n on input line 34.
LaTeX Font Info:    Overwriting math alphabet `\mathbf' in version `bold'
(Font)                  OT1/cmr/bx/n --> OT1/lmr/bx/n on input line 35.
LaTeX Font Info:    Overwriting math alphabet `\mathsf' in version `bold'
(Font)                  OT1/cmss/bx/n --> OT1/lmss/bx/n on input line 36.
LaTeX Font Info:    Overwriting math alphabet `\mathit' in version `bold'
(Font)                  OT1/cmr/bx/it --> OT1/lmr/bx/it on input line 37.
LaTeX Font Info:    Overwriting math alphabet `\mathtt' in version `bold'
(Font)                  OT1/cmtt/m/n --> OT1/lmtt/m/n on input line 38.
)
(/usr/share/texlive/texmf-dist/tex/latex/base/fontenc.sty
Package: fontenc 2005/09/27 v1.99g Standard LaTeX package

(/usr/share/texlive/texmf-dist/tex/latex/base/t1enc.def
File: t1enc.def 2005/09/27 v1.99g Standard LaTeX file
LaTeX Font Info:    Redeclaring font encoding T1 on input line 43.
))
(/usr/share/texlive/texmf-dist/tex/latex/base/inputenc.sty
Package: inputenc 2008/03/30 v1.1d Input encoding file
\inpenc@prehook=\toks25
\inpenc@posthook=\toks26

(/usr/share/texlive/texmf-dist/tex/latex/base/utf8.def
File: utf8.def 2008/04/05 v1.1m UTF-8 support for inputenc
Now handling font encoding OML ...
... no UTF-8 mapping file for font encoding OML
Now handling font encoding T1 ...
... processing UTF-8 mapping file for font encoding T1

(/usr/share/texlive/texmf-dist/tex/latex/base/t1enc.dfu
File: t1enc.dfu 2008/04/05 v1.1m UTF-8 support for inputenc
   defining Unicode char U+00A1 (decimal 161)
   defining Unicode char U+00A3 (decimal 163)
   defining Unicode char U+00AB (decimal 171)
   defining Unicode char U+00BB (decimal 187)
   defining Unicode char U+00BF (decimal 191)
   defining Unicode char U+00C0 (decimal 192)
   defining Unicode char U+00C1 (decimal 193)
   defining Unicode char U+00C2 (decimal 194)
   defining Unicode char U+00C3 (decimal 195)
   defining Unicode char U+00C4 (decimal 196)
   defining Unicode char U+00C5 (decimal 197)
   defining Unicode char U+00C6 (decimal 198)
   defining Unicode char U+00C7 (decimal 199)
   defining Unicode char U+00C8 (decimal 200)
   defining Unicode char U+00C9 (decimal 201)
   defining Unicode char U+00CA (decimal 202)
   defining Unicode char U+00CB (decimal 203)
   defining Unicode char U+00CC (decimal 204)
   defining Unicode char U+00CD (decimal 205)
   defining Unicode char U+00CE (decimal 206)
   defining Unicode char U+00CF (decimal 207)
   defining Unicode char U+00D0 (decimal 208)
   defining Unicode char U+00D1 (decimal 209)
   defining Unicode char U+00D2 (decimal 210)
   defining Unicode char U+00D3 (decimal 211)
   defining Unicode char U+00D4 (decimal 212)
   defining Unicode char U+00D5 (decimal 213)
   defining Unicode char U+00D6 (decimal 214)
   defining Unicode char U+00D8 (decimal 216)
   defining Unicode char U+00D9 (decimal 217)
   defining Unicode char U+00DA (decimal 218)
   defining Unicode char U+00DB (decimal 219)
   defining Unicode char U+00DC (decimal 220)
   defining Unicode char U+00DD (decimal 221)
   defining Unicode char U+00DE (decimal 222)
   defining Unicode char U+00DF (decimal 223)
   defining Unicode char U+00E0 (decimal 224)
   defining Unicode char U+00E1 (decimal 225)
   defining Unicode char U+00E2 (decimal 226)
   defining Unicode char U+00E3 (decimal 227)
   defining Unicode char U+00E4 (decimal 228)
   defining Unicode char U+00E5 (decimal 229)
   defining Unicode char U+00E6 (decimal 230)
   defining Unicode char U+00E7 (decimal 231)
   defining Unicode char U+00E8 (decimal 232)
   defining Unicode char U+00E9 (decimal 233)
   defining Unicode char U+00EA (decimal 234)
   defining Unicode char U+00EB (decimal 235)
   defining Unicode char U+00EC (decimal 236)
   defining Unicode char U+00ED (decimal 237)
   defining Unicode char U+00EE (decimal 238)
   defining Unicode char U+00EF (decimal 239)
   defining Unicode char U+00F0 (decimal 240)
   defining Unicode char U+00F1 (decimal 241)
   defining Unicode char U+00F2 (decimal 242)
   defining Unicode char U+00F3 (decimal 243)
   defining Unicode char U+00F4 (decimal 244)
   defining Unicode char U+00F5 (decimal 245)
   defining Unicode char U+00F6 (decimal 246)
   defining Unicode char U+00F8 (decimal 248)
   defining Unicode char U+00F9 (decimal 249)
   defining Unicode char U+00FA (decimal 250)
   defining Unicode char U+00FB (decimal 251)
   defining Unicode char U+00FC (decimal 252)
   defining Unicode char U+00FD (decimal 253)
   defining Unicode char U+00FE (decimal 254)
   defining Unicode char U+00FF (decimal 255)
   defining Unicode char U+0102 (decimal 258)
   defining Unicode char U+0103 (decimal 259)
   defining Unicode char U+0104 (decimal 260)
   defining Unicode char U+0105 (decimal 261)
   defining Unicode char U+0106 (decimal 262)
   defining Unicode char U+0107 (decimal 263)
   defining Unicode char U+010C (decimal 268)
   defining Unicode char U+010D (decimal 269)
   defining Unicode char U+010E (decimal 270)
   defining Unicode char U+010F (decimal 271)
   defining Unicode char U+0110 (decimal 272)
   defining Unicode char U+0111 (decimal 273)
   defining Unicode char U+0118 (decimal 280)
   defining Unicode char U+0119 (decimal 281)
   defining Unicode char U+011A (decimal 282)
   defining Unicode char U+011B (decimal 283)
   defining Unicode char U+011E (decimal 286)
   defining Unicode char U+011F (decimal 287)
   defining Unicode char U+0130 (decimal 304)
   defining Unicode char U+0131 (decimal 305)
   defining Unicode char U+0132 (decimal 306)
   defining Unicode char U+0133 (decimal 307)
   defining Unicode char U+0139 (decimal 313)
   defining Unicode char U+013A (decimal 314)
   defining Unicode char U+013D (decimal 317)
   defining Unicode char U+013E (decimal 318)
   defining Unicode char U+0141 (decimal 321)
   defining Unicode char U+0142 (decimal 322)
   defining Unicode char U+0143 (decimal 323)
   defining Unicode char U+0144 (decimal 324)
   defining Unicode char U+0147 (decimal 327)
   defining Unicode char U+0148 (decimal 328)
   defining Unicode char U+014A (decimal 330)
   defining Unicode char U+014B (decimal 331)
   defining Unicode char U+0150 (decimal 336)
   defining Unicode char U+0151 (decimal 337)
   defining Unicode char U+0152 (decimal 338)
   defining Unicode char U+0153 (decimal 339)
   defining Unicode char U+0154 (decimal 340)
   defining Unicode char U+0155 (decimal 341)
   defining Unicode char U+0158 (decimal 344)
   defining Unicode char U+0159 (decimal 345)
   defining Unicode char U+015A (decimal 346)
   defining Unicode char U+015B (decimal 347)
   defining Unicode char U+015E (decimal 350)
   defining Unicode char U+015F (decimal 351)
   defining Unicode char U+0160 (decimal 352)
   defining Unicode char U+0161 (decimal 353)
   defining Unicode char U+0162 (decimal 354)
   defining Unicode char U+0163 (decimal 355)
   defining Unicode char U+0164 (decimal 356)
   defining Unicode char U+0165 (decimal 357)
   defining Unicode char U+016E (decimal 366)
   defining Unicode char U+016F (decimal 367)
   defining Unicode char U+0170 (decimal 368)
   defining Unicode char U+0171 (decimal 369)
   defining Unicode char U+0178 (decimal 376)
   defining Unicode char U+0179 (decimal 377)
   defining Unicode char U+017A (decimal 378)
   defining Unicode char U+017B (decimal 379)
   defining Unicode char U+017C (decimal 380)
   defining Unicode char U+017D (decimal 381)
   defining Unicode char U+017E (decimal 382)
   defining Unicode char U+200C (decimal 8204)
   defining Unicode char U+2013 (decimal 8211)
   defining Unicode char U+2014 (decimal 8212)
   defining Unicode char U+2018 (decimal 8216)
   defining Unicode char U+2019 (decimal 8217)
   defining Unicode char U+201A (decimal 8218)
   defining Unicode char U+201C (decimal 8220)
   defining Unicode char U+201D (decimal 8221)
   defining Unicode char U+201E (decimal 8222)
   defining Unicode char U+2030 (decimal 8240)
   defining Unicode char U+2031 (decimal 8241)
   defining Unicode char U+2039 (decimal 8249)
   defining Unicode char U+203A (decimal 8250)
   defining Unicode char U+2423 (decimal 9251)
)
Now handling font encoding OT1 ...
... processing UTF-8 mapping file for font encoding OT1

(/usr/share/texlive/texmf-dist/tex/latex/base/ot1enc.dfu
File: ot1enc.dfu 2008/04/05 v1.1m UTF-8 support for inputenc
   defining Unicode char U+00A1 (decimal 161)
   defining Unicode char U+00A3 (decimal 163)
   defining Unicode char U+00B8 (decimal 184)
   defining Unicode char U+00BF (decimal 191)
   defining Unicode char U+00C5 (decimal 197)
   defining Unicode char U+00C6 (decimal 198)
   defining Unicode char U+00D8 (decimal 216)
   defining Unicode char U+00DF (decimal 223)
   defining Unicode char U+00E6 (decimal 230)
   defining Unicode char U+00EC (decimal 236)
   defining Unicode char U+00ED (decimal 237)
   defining Unicode char U+00EE (decimal 238)
   defining Unicode char U+00EF (decimal 239)
   defining Unicode char U+00F8 (decimal 248)
   defining Unicode char U+0131 (decimal 305)
   defining Unicode char U+0141 (decimal 321)
   defining Unicode char U+0142 (decimal 322)
   defining Unicode char U+0152 (decimal 338)
   defining Unicode char U+0153 (decimal 339)
   defining Unicode char U+2013 (decimal 8211)
   defining Unicode char U+2014 (decimal 8212)
   defining Unicode char U+2018 (decimal 8216)
   defining Unicode char U+2019 (decimal 8217)
   defining Unicode char U+201C (decimal 8220)
   defining Unicode char U+201D (decimal 8221)
)
Now handling font encoding OMS ...
... processing UTF-8 mapping file for font encoding OMS

(/usr/share/texlive/texmf-dist/tex/latex/base/omsenc.dfu
File: omsenc.dfu 2008/04/05 v1.1m UTF-8 support for inputenc
   defining Unicode char U+00A7 (decimal 167)
   defining Unicode char U+00B6 (decimal 182)
   defining Unicode char U+00B7 (decimal 183)
   defining Unicode char U+2020 (decimal 8224)
   defining Unicode char U+2021 (decimal 8225)
   defining Unicode char U+2022 (decimal 8226)
)
Now handling font encoding OMX ...
... no UTF-8 mapping file for font encoding OMX
Now handling font encoding U ...
... no UTF-8 mapping file for font encoding U
Now handling font encoding PD1 ...
... no UTF-8 mapping file for font encoding PD1
   defining Unicode char U+00A9 (decimal 169)
   defining Unicode char U+00AA (decimal 170)
   defining Unicode char U+00AE (decimal 174)
   defining Unicode char U+00BA (decimal 186)
   defining Unicode char U+02C6 (decimal 710)
   defining Unicode char U+02DC (decimal 732)
   defining Unicode char U+200C (decimal 8204)
   defining Unicode char U+2026 (decimal 8230)
   defining Unicode char U+2122 (decimal 8482)
   defining Unicode char U+2423 (decimal 9251)
))
(/usr/share/texlive/texmf-dist/tex/latex/lastpage/lastpage.sty
Package: lastpage 2011/09/01 v1.2k Refers to last page's name (HMM; JPG)
)
(/usr/share/texlive/texmf-dist/tex/latex/tools/indentfirst.sty
Package: indentfirst 1995/11/23 v1.03 Indent first paragraph (DPC)
)
(/usr/share/texlive/texmf-dist/tex/latex/graphics/color.sty
Package: color 2005/11/14 v1.0j Standard LaTeX Color (DPC)

(/usr/share/texlive/texmf-dist/tex/latex/latexconfig/color.cfg
File: color.cfg 2007/01/18 v1.5 color configuration of teTeX/TeXLive
)
Package color Info: Driver file: pdftex.def on input line 130.

(/usr/share/texlive/texmf-dist/tex/latex/pdftex-def/pdftex.def
File: pdftex.def 2011/05/27 v0.06d Graphics/color for pdfTeX
\Gread@gobject=\count167
))
(/usr/share/texlive/texmf-dist/tex/latex/graphics/graphicx.sty
Package: graphicx 1999/02/16 v1.0f Enhanced LaTeX Graphics (DPC,SPQR)

(/usr/share/texlive/texmf-dist/tex/latex/graphics/graphics.sty
Package: graphics 2009/02/05 v1.0o Standard LaTeX Graphics (DPC,SPQR)

(/usr/share/texlive/texmf-dist/tex/latex/graphics/trig.sty
Package: trig 1999/03/16 v1.09 sin cos tan (DPC)
)
(/usr/share/texlive/texmf-dist/tex/latex/latexconfig/graphics.cfg
File: graphics.cfg 2010/04/23 v1.9 graphics configuration of TeX Live
)
Package graphics Info: Driver file: pdftex.def on input line 91.
)
\Gin@req@height=\dimen156
\Gin@req@width=\dimen157
)
(/usr/share/texlive/texmf-dist/tex/latex/microtype/microtype.sty
Package: microtype 2010/01/10 v2.4 Micro-typography with pdfTeX (RS)
\MT@toks=\toks27
\MT@count=\count168
LaTeX Info: Redefining \lsstyle on input line 1597.
LaTeX Info: Redefining \lslig on input line 1597.
\MT@outer@space=\skip196
LaTeX Info: Redefining \textls on input line 1605.
\MT@outer@kern=\dimen158
LaTeX Info: Redefining \textmicrotypecontext on input line 2156.
Package microtype Info: Loading configuration file microtype.cfg.

(/usr/share/texlive/texmf-dist/tex/latex/microtype/microtype.cfg
File: microtype.cfg 2010/01/10 v2.4 microtype main configuration file (RS)
))
(/usr/share/texmf/tex/latex/xcolor/xcolor.sty
Package: xcolor 2007/01/21 v2.11 LaTeX color extensions (UK)

(/usr/share/texlive/texmf-dist/tex/latex/latexconfig/color.cfg
File: color.cfg 2007/01/18 v1.5 color configuration of teTeX/TeXLive
)
Package xcolor Info: Driver file: pdftex.def on input line 225.

(/usr/share/texlive/texmf-dist/tex/latex/colortbl/colortbl.sty
Package: colortbl 2012/02/13 v1.0a Color table columns (DPC)
\everycr=\toks28
\minrowclearance=\skip197
)
LaTeX Info: Redefining \color on input line 702.
\rownum=\count169
Package xcolor Info: Model `cmy' substituted by `cmy0' on input line 1337.
Package xcolor Info: Model `hsb' substituted by `rgb' on input line 1341.
Package xcolor Info: Model `RGB' extended on input line 1353.
Package xcolor Info: Model `HTML' substituted by `rgb' on input line 1355.
Package xcolor Info: Model `Hsb' substituted by `hsb' on input line 1356.
Package xcolor Info: Model `tHsb' substituted by `hsb' on input line 1357.
Package xcolor Info: Model `HSB' substituted by `hsb' on input line 1358.
Package xcolor Info: Model `Gray' substituted by `gray' on input line 1359.
Package xcolor Info: Model `wave' substituted by `hsb' on input line 1360.
)
(/usr/share/texlive/texmf-dist/tex/latex/lipsum/lipsum.sty
Package: lipsum 2011/04/14 v1.2 150 paragraphs of Lorem Ipsum dummy text
\c@lips@count=\count170
)
(/usr/share/texlive/texmf-dist/tex/latex/hyperref/backref.sty
Package: backref 2010/08/30 v1.36 Bibliographical back referencing
)
(/usr/local/share/texmf/tex/latex/abntex2/abntex2cite.sty
Package: abntex2cite 2014/01/26 v1.9.2 abnTeX2

(/usr/local/share/texmf/tex/latex/abntex2/abntex2abrev.sty)
\minimumbiblabelwidth=\skip198
\ABCIauxlen=\skip199
\c@ABCIaux=\count171
\c@ABCImax=\count172

(/usr/share/texlive/texmf-dist/tex/latex/relsize/relsize.sty
Package: relsize 2011/09/21 ver 4.0

Examine \normalsize starts \@setfontsize size may be \@xiipt. 
Examine \small starts \@setfontsize size may be \@xipt. 
Examine \footnotesize starts \@setfontsize size may be \@xpt. 
Examine \large starts \@setfontsize size may be \@xivpt. 
Examine \Large starts \@setfontsize size may be \@xviipt. 
Examine \LARGE starts \@setfontsize size may be \@xxpt. 
Examine \scriptsize starts \@setfontsize size may be \@ixpt. 
Examine \tiny starts \@setfontsize size may be \@viiipt. 
Examine \huge starts \@setfontsize size may be \@xxvpt. 
Examine \Huge starts \@setfontsize size may be \@xxvpt. 
Examine \HUGE starts \@setfontsize size may be \@xxvpt. )
\biblabelsep=\skip200
LaTeX Info: Redefining \newblock on input line 675.
LaTeX Info: Redefining \cite on input line 702.
\ABCItoken=\toks29
)
(/usr/share/texlive/texmf-dist/tex/latex/listings/listings.sty
\lst@mode=\count173
\lst@gtempboxa=\box30
\lst@token=\toks30
\lst@length=\count174
\lst@currlwidth=\dimen159
\lst@column=\count175
\lst@pos=\count176
\lst@lostspace=\dimen160
\lst@width=\dimen161
\lst@newlines=\count177
\lst@lineno=\count178
\lst@maxwidth=\dimen162

(/usr/share/texlive/texmf-dist/tex/latex/listings/lstmisc.sty
File: lstmisc.sty 2007/02/22 1.4 (Carsten Heinz)
\c@lstnumber=\count179
\lst@skipnumbers=\count180
\lst@framebox=\box31
)
(/usr/share/texlive/texmf-dist/tex/latex/listings/listings.cfg
File: listings.cfg 2007/02/22 1.4 listings configuration
))
Package: listings 2007/02/22 1.4 (Carsten Heinz)
Package hyperref Info: Option `colorlinks' set `true' on input line 164.
\luteria_v0.6.QUALIFICA@idxfile=\write4
\openout4 = `luteria_v0.6.QUALIFICA.idx'.


Writing index file luteria_v0.6.QUALIFICA.idx 
(./luteria_v0.6.QUALIFICA.aux

LaTeX Warning: Label `fig_grafico' multiply defined.


LaTeX Warning: Label `fig_grafico' multiply defined.


LaTeX Warning: Label `fig_grafico' multiply defined.


LaTeX Warning: Label `fig_grafico' multiply defined.


LaTeX Warning: Label `fig_grafico' multiply defined.


LaTeX Warning: Label `fig_grafico' multiply defined.


LaTeX Warning: Label `fig_grafico' multiply defined.


LaTeX Warning: Label `fig_grafico' multiply defined.


LaTeX Warning: Label `fig_grafico' multiply defined.


LaTeX Warning: Label `fig_grafico' multiply defined.


LaTeX Warning: Label `fig_grafico' multiply defined.


LaTeX Warning: Label `fig_grafico' multiply defined.


LaTeX Warning: Label `fig_grafico' multiply defined.


LaTeX Warning: Label `fig_grafico' multiply defined.


LaTeX Warning: Label `fig_grafico' multiply defined.


LaTeX Warning: Label `fig_grafico' multiply defined.


LaTeX Warning: Label `fig_grafico' multiply defined.


LaTeX Warning: Label `fig_grafico' multiply defined.


LaTeX Warning: Label `fig_grafico' multiply defined.


LaTeX Warning: Label `fig_grafico' multiply defined.


LaTeX Warning: Label `fig_grafico' multiply defined.


LaTeX Warning: Label `fig_grafico' multiply defined.


LaTeX Warning: Label `fig_grafico' multiply defined.


LaTeX Warning: Label `fig_grafico' multiply defined.


LaTeX Warning: Label `fig_grafico' multiply defined.


LaTeX Warning: Label `fig_grafico' multiply defined.


LaTeX Warning: Label `fig_grafico' multiply defined.


LaTeX Warning: Label `fig_grafico' multiply defined.


LaTeX Warning: Label `fig_grafico' multiply defined.


LaTeX Warning: Label `fig_grafico' multiply defined.


LaTeX Warning: Label `fig_grafico' multiply defined.


LaTeX Warning: Label `fig_grafico' multiply defined.


LaTeX Warning: Label `fig_grafico' multiply defined.


LaTeX Warning: Label `fig_grafico' multiply defined.


LaTeX Warning: Label `fig_grafico' multiply defined.


LaTeX Warning: Label `fig_grafico' multiply defined.


LaTeX Warning: Label `fig_grafico' multiply defined.


LaTeX Warning: Label `fig_grafico' multiply defined.


LaTeX Warning: Label `fig_grafico' multiply defined.


LaTeX Warning: Label `fig_grafico' multiply defined.


LaTeX Warning: Label `fig_grafico' multiply defined.


LaTeX Warning: Label `fig_grafico' multiply defined.

)
\openout1 = `luteria_v0.6.QUALIFICA.aux'.

LaTeX Font Info:    Checking defaults for OML/cmm/m/it on input line 187.
LaTeX Font Info:    ... okay on input line 187.
LaTeX Font Info:    Checking defaults for T1/cmr/m/n on input line 187.
LaTeX Font Info:    ... okay on input line 187.
LaTeX Font Info:    Checking defaults for OT1/cmr/m/n on input line 187.
LaTeX Font Info:    ... okay on input line 187.
LaTeX Font Info:    Checking defaults for OMS/cmsy/m/n on input line 187.
LaTeX Font Info:    ... okay on input line 187.
LaTeX Font Info:    Checking defaults for OMX/cmex/m/n on input line 187.
LaTeX Font Info:    ... okay on input line 187.
LaTeX Font Info:    Checking defaults for U/cmr/m/n on input line 187.
LaTeX Font Info:    ... okay on input line 187.
LaTeX Font Info:    Checking defaults for PD1/pdf/m/n on input line 187.
LaTeX Font Info:    ... okay on input line 187.
LaTeX Font Info:    Try loading font information for T1+lmr on input line 187.
 (/usr/share/texmf/tex/latex/lm/t1lmr.fd
File: t1lmr.fd 2009/10/30 v1.6 Font defs for Latin Modern
)
\AtBeginShipoutBox=\box32
Package hyperref Info: Link coloring ON on input line 187.

(/usr/share/texlive/texmf-dist/tex/latex/hyperref/nameref.sty
Package: nameref 2010/04/30 v2.40 Cross-referencing by name of section

(/usr/share/texlive/texmf-dist/tex/generic/oberdiek/gettitlestring.sty
Package: gettitlestring 2010/12/03 v1.4 Cleanup title references (HO)
)
\c@section@level=\count181
)
Redoing nameref's sectioning
Redoing nameref's label
LaTeX Info: Redefining \nameref on input line 187.
LaTeX Info: Redefining \ref on input line 187.
LaTeX Info: Redefining \pageref on input line 187.
LaTeX Info: Redefining \nameref on input line 187.
LaTeX Info: Redefining \degres on input line 187.

Package frenchb.ldf Warning: The definition of \@makecaption has been changed,
(frenchb.ldf)                frenchb will NOT customise it;
(frenchb.ldf)                reported on input line 187.

LaTeX Info: Redefining \dots on input line 187.

Package frenchb.ldf Warning: Setting CompactItemize=false for compatibility
(frenchb.ldf)                with enumitem package, on input line 187.

LaTeX Info: Redefining \up on input line 187.
\myptabbox=\box33
\myptabboxwidth=\skip201
Package lastpage Info: Please have a look at the pageslts package at
(lastpage)             http://www.ctan.org/tex-archive/ 
(lastpage)             macros/latex/contrib/pageslts/ 
(lastpage)             or
(lastpage)             http://www.ctan.org/tex-archive/ 
(lastpage)             install/macros/latex/contrib/pageslts.tds.zip
(lastpage)             ! on input line 187.
(/usr/share/texlive/texmf-dist/tex/context/base/supp-pdf.mkii
[Loading MPS to PDF converter (version 2006.09.02).]
\scratchcounter=\count182
\scratchdimen=\dimen163
\scratchbox=\box34
\nofMPsegments=\count183
\nofMParguments=\count184
\everyMPshowfont=\toks31
\MPscratchCnt=\count185
\MPscratchDim=\dimen164
\MPnumerator=\count186
\makeMPintoPDFobject=\count187
\everyMPtoPDFconversion=\toks32
) (/usr/share/texlive/texmf-dist/tex/latex/oberdiek/epstopdf-base.sty
Package: epstopdf-base 2010/02/09 v2.5 Base part for package epstopdf

(/usr/share/texlive/texmf-dist/tex/latex/oberdiek/grfext.sty
Package: grfext 2010/08/19 v1.1 Manage graphics extensions (HO)
)
Package grfext Info: Graphics extension search list:
(grfext)             [.png,.pdf,.jpg,.mps,.jpeg,.jbig2,.jb2,.PNG,.PDF,.JPG,.JPE
G,.JBIG2,.JB2,.eps]
(grfext)             \AppendGraphicsExtensions on input line 452.

(/usr/share/texlive/texmf-dist/tex/latex/latexconfig/epstopdf-sys.cfg
File: epstopdf-sys.cfg 2010/07/13 v1.3 Configuration of (r)epstopdf for TeX Liv
e
))
LaTeX Info: Redefining \microtypecontext on input line 187.
Package microtype Info: Generating PDF output.
Package microtype Info: Character protrusion enabled (level 2).
Package microtype Info: Using default protrusion set `alltext'.
Package microtype Info: Automatic font expansion enabled (level 2),
(microtype)             stretch: 20, shrink: 20, step: 1, non-selected.
Package microtype Info: Using default expansion set `basictext'.
Package microtype Info: No tracking.
Package microtype Info: No adjustment of interword spacing.
Package microtype Info: No adjustment of character kerning.

(/usr/share/texlive/texmf-dist/tex/latex/microtype/mt-cmr.cfg
File: mt-cmr.cfg 2009/11/09 v2.0 microtype config. file: Computer Modern Roman 
(RS)
)
\c@lstlisting=\count188
LaTeX Font Info:    Try loading font information for T1+lmss on input line 200.


(/usr/share/texmf/tex/latex/lm/t1lmss.fd
File: t1lmss.fd 2009/10/30 v1.6 Font defs for Latin Modern
) [1

{/var/lib/texmf/fonts/map/pdftex/updmap/pdftex.map}] [2

]
LaTeX Font Info:    Try loading font information for OT1+lmr on input line 209.

 (/usr/share/texmf/tex/latex/lm/ot1lmr.fd
File: ot1lmr.fd 2009/10/30 v1.6 Font defs for Latin Modern
)
LaTeX Font Info:    Try loading font information for OML+lmm on input line 209.


(/usr/share/texmf/tex/latex/lm/omllmm.fd
File: omllmm.fd 2009/10/30 v1.6 Font defs for Latin Modern
)
LaTeX Font Info:    Try loading font information for OMS+lmsy on input line 209
.

(/usr/share/texmf/tex/latex/lm/omslmsy.fd
File: omslmsy.fd 2009/10/30 v1.6 Font defs for Latin Modern
)
LaTeX Font Info:    Try loading font information for OMX+lmex on input line 209
.

(/usr/share/texmf/tex/latex/lm/omxlmex.fd
File: omxlmex.fd 2009/10/30 v1.6 Font defs for Latin Modern
)
LaTeX Font Info:    External font `lmex10' loaded for size
(Font)              <12> on input line 209.
LaTeX Font Info:    External font `lmex10' loaded for size
(Font)              <8> on input line 209.
LaTeX Font Info:    External font `lmex10' loaded for size
(Font)              <6> on input line 209.
pdfTeX warning (ext4): destination with the same identifier (name{page.1}) has 
been already used, duplicate ignored
<to be read again> 
                   \relax 
l.209 
       [1


]
Underfull \hbox (badness 10000) in paragraph at lines 235--236

 []


Underfull \hbox (badness 10000) in paragraph at lines 237--238

 []


Overfull \hbox (16.44858pt too wide) in paragraph at lines 239--242
[]  [] 
 []


Underfull \hbox (badness 10000) in paragraph at lines 239--242

 []


Underfull \hbox (badness 10000) in paragraph at lines 243--250

 []


Underfull \hbox (badness 10000) in paragraph at lines 251--252

 []

LaTeX Font Info:    External font `lmex10' loaded for size
(Font)              <10> on input line 253.
LaTeX Font Info:    External font `lmex10' loaded for size
(Font)              <7> on input line 253.
LaTeX Font Info:    External font `lmex10' loaded for size
(Font)              <5> on input line 253.
pdfTeX warning (ext4): destination with the same identifier (name{page.2}) has 
been already used, duplicate ignored
<to be read again> 
                   \relax 
l.300 
       [2] [3

] [4

] [5] [6

] (./luteria_v0.6.QUALIFICA.lof [7]) [8] [9


] [10

]
(./luteria_v0.6.QUALIFICA.toc
LaTeX Font Info:    External font `lmex10' loaded for size
(Font)              <14.4> on input line 4.
 [11]) [12] [13


]
Underfull \hbox (badness 10000) in paragraph at lines 531--536

 []


Underfull \hbox (badness 10000) in paragraph at lines 531--536

 []


Underfull \vbox (badness 10000) has occurred while \output is active []

 [14]
[15] [16

] [17] [18] [19

]
Underfull \vbox (badness 1867) has occurred while \output is active []

 [20]
[21] [22

] [23] <gttm/GTTM_rules.pdf, id=513, 845.04686pt x 256.96pt>
File: gttm/GTTM_rules.pdf Graphic file (type pdf)

<use gttm/GTTM_rules.pdf>
Package pdftex.def Info: gttm/GTTM_rules.pdf used on input line 649.
(pdftex.def)             Requested size: 422.5224pt x 128.47968pt.

Underfull \hbox (badness 10000) in paragraph at lines 657--666
 \T1/lmr/m/n/10 (+20) si-cal:
 []


Underfull \vbox (badness 1616) has occurred while \output is active []

 [24 <./gttm/GTTM_rules.pdf>]
<gttm/lilypondGROUPmozartGTTM.png, id=537, 1109.14375pt x 178.6675pt>
File: gttm/lilypondGROUPmozartGTTM.png Graphic file (type png)

<use gttm/lilypondGROUPmozartGTTM.png>
Package pdftex.def Info: gttm/lilypondGROUPmozartGTTM.png used on input line 67
7.
(pdftex.def)             Requested size: 499.11008pt x 80.39963pt.

Overfull \hbox (44.11008pt too wide) in paragraph at lines 677--678
 [] 
 []

[25 <./gttm/lilypondGROUPmozartGTTM.png>]
<gttm/GWFR_fig33.png, id=550, 886.31125pt x 116.435pt>
File: gttm/GWFR_fig33.png Graphic file (type png)

<use gttm/GWFR_fig33.png>
Package pdftex.def Info: gttm/GWFR_fig33.png used on input line 701.
(pdftex.def)             Requested size: 310.21358pt x 40.75285pt.

<gestalt/gestalt_elision_overlay.pdf, id=569, 803.0pt x 297.11pt>
File: gestalt/gestalt_elision_overlay.pdf Graphic file (type pdf)

<use gestalt/gestalt_elision_overlay.pdf>
Package pdftex.def Info: gestalt/gestalt_elision_overlay.pdf used on input line
 728.
(pdftex.def)             Requested size: 200.74951pt x 74.27731pt.
 [26 <./gttm/GWFR_fig33.png>]
Underfull \vbox (badness 2181) has occurred while \output is active []

 [27 <./gestalt/gestalt_elision_overlay.pdf>]
<mikro/OM_gttm_GPR02-03.png, id=600, 806.01125pt x 560.0925pt>
File: mikro/OM_gttm_GPR02-03.png Graphic file (type png)

<use mikro/OM_gttm_GPR02-03.png>
Package pdftex.def Info: mikro/OM_gttm_GPR02-03.png used on input line 763.
(pdftex.def)             Requested size: 483.61047pt x 336.05809pt.

Overfull \hbox (28.61047pt too wide) in paragraph at lines 763--764
 [] 
 []

[28 <./mikro/OM_gttm_GPR02-03.png>]
<gttm/GTTM-m21-metes.png, id=608, 792.9625pt x 241.90375pt>
File: gttm/GTTM-m21-metes.png Graphic file (type png)

<use gttm/GTTM-m21-metes.png>
Package pdftex.def Info: gttm/GTTM-m21-metes.png used on input line 792.
(pdftex.def)             Requested size: 356.82982pt x 108.85567pt.
 [29 <./gttm/GTTM-m21-metes.png>] [30]
Underfull \vbox (badness 6173) has occurred while \output is active []

 [31]
<gttm/GTTM_TPS_rules.pdf, id=675, 819.06pt x 377.41pt>
File: gttm/GTTM_TPS_rules.pdf Graphic file (type pdf)

<use gttm/GTTM_TPS_rules.pdf>
Package pdftex.def Info: gttm/GTTM_TPS_rules.pdf used on input line 877.
(pdftex.def)             Requested size: 409.52899pt x 188.70453pt.
 [32 <./gttm/GTTM_TPS_rules.pdf>]
<gttm/colorless.png, id=708, 702.625pt x 602.25pt>
File: gttm/colorless.png Graphic file (type png)
 <use gttm/colorless.png>
Package pdftex.def Info: gttm/colorless.png used on input line 896.
(pdftex.def)             Requested size: 316.17833pt x 271.01pt.

<gttm/ramificacoes_arvore.pdf, id=711, 513.92pt x 176.66pt>
File: gttm/ramificacoes_arvore.pdf Graphic file (type pdf)

<use gttm/ramificacoes_arvore.pdf>
Package pdftex.def Info: gttm/ramificacoes_arvore.pdf used on input line 908.
(pdftex.def)             Requested size: 205.56435pt x 70.66273pt.


LaTeX Warning: `!h' float specifier changed to `!ht'.

<mikro/mikro113_GTTM_tree.png, id=712, 982.67125pt x 459.7175pt>
File: mikro/mikro113_GTTM_tree.png Graphic file (type png)

<use mikro/mikro113_GTTM_tree.png>
Package pdftex.def Info: mikro/mikro113_GTTM_tree.png used on input line 917.
(pdftex.def)             Requested size: 393.06154pt x 183.88373pt.


LaTeX Warning: `!h' float specifier changed to `!ht'.


Underfull \vbox (badness 10000) has occurred while \output is active []

 [33 <./gttm/colorless.png>]
<lerdahl/prolongation_calculating.png, id=724, 885.3075pt x 190.7125pt>
File: lerdahl/prolongation_calculating.png Graphic file (type png)

<use lerdahl/prolongation_calculating.png>
Package pdftex.def Info: lerdahl/prolongation_calculating.png used on input lin
e 929.
(pdftex.def)             Requested size: 442.65266pt x 95.356pt.
 [34 <./gttm/ramificacoes_arvore.pdf> <./mikro/mikro113_GTTM_tree.png> <./lerda
hl/prolongation_calculating.png>]
<lerdahl/diatonic_pitchspace_p322.png, id=755, 597.23125pt x 188.705pt>
File: lerdahl/diatonic_pitchspace_p322.png Graphic file (type png)

<use lerdahl/diatonic_pitchspace_p322.png>
Package pdftex.def Info: lerdahl/diatonic_pitchspace_p322.png used on input lin
e 946.
(pdftex.def)             Requested size: 238.88826pt x 75.48065pt.


LaTeX Warning: Command \' invalid in math mode on input line 955.


LaTeX Warning: Command \' invalid in math mode on input line 956.


LaTeX Warning: Command \' invalid in math mode on input line 957.


LaTeX Warning: Command \' invalid in math mode on input line 957.


LaTeX Warning: Command \' invalid in math mode on input line 957.


LaTeX Warning: Command \' invalid in math mode on input line 958.


LaTeX Warning: Command \^ invalid in math mode on input line 958.


LaTeX Warning: Command \' invalid in math mode on input line 959.


LaTeX Warning: Command \^ invalid in math mode on input line 959.


LaTeX Warning: Command \' invalid in math mode on input line 959.


LaTeX Warning: Command \^ invalid in math mode on input line 966.


Underfull \hbox (badness 10000) in paragraph at lines 964--968

 []


LaTeX Warning: Command \' invalid in math mode on input line 974.

<lerdahl/calculating_prolongamento.png, id=762, 629.35126pt x 457.71pt>
File: lerdahl/calculating_prolongamento.png Graphic file (type png)

<use lerdahl/calculating_prolongamento.png>
Package pdftex.def Info: lerdahl/calculating_prolongamento.png used on input li
ne 983.
(pdftex.def)             Requested size: 377.61366pt x 274.62813pt.

Underfull \vbox (badness 10000) has occurred while \output is active []

 [35 <./lerdahl/diatonic_pitchspace_p322.png (PNG copy)>]
<lerdahl/pitchspace-K282.png, id=777, 423.5825pt x 159.59625pt>
File: lerdahl/pitchspace-K282.png Graphic file (type png)

<use lerdahl/pitchspace-K282.png>
Package pdftex.def Info: lerdahl/pitchspace-K282.png used on input line 994.
(pdftex.def)             Requested size: 296.50572pt x 111.7166pt.

Underfull \vbox (badness 1527) has occurred while \output is active []

 [36 <./lerdahl/calculating_prolongamento.png (PNG copy)> <./lerdahl/pitchspace
-K282.png (PNG copy)>] <CBMS/quintas.png, id=795, 602.25pt x 602.25pt>
File: CBMS/quintas.png Graphic file (type png)

<use CBMS/quintas.png>
Package pdftex.def Info: CBMS/quintas.png used on input line 1029.
(pdftex.def)             Requested size: 361.35278pt x 361.35278pt.


LaTeX Warning: `!h' float specifier changed to `!ht'.

[37] <CBMS/jonico_lineoffifths.png, id=804, 775.89874pt x 72.27pt>
File: CBMS/jonico_lineoffifths.png Graphic file (type png)

<use CBMS/jonico_lineoffifths.png>
Package pdftex.def Info: CBMS/jonico_lineoffifths.png used on input line 1043.
(pdftex.def)             Requested size: 465.54283pt x 43.36232pt.

Overfull \hbox (10.54283pt too wide) in paragraph at lines 1043--1044
 [] 
 []

[38 <./CBMS/quintas.png> <./CBMS/jonico_lineoffifths.png>]
<CBMS/COG_re_lineoffifths.png, id=817, 775.89874pt x 72.27pt>
File: CBMS/COG_re_lineoffifths.png Graphic file (type png)

<use CBMS/COG_re_lineoffifths.png>
Package pdftex.def Info: CBMS/COG_re_lineoffifths.png used on input line 1054.
(pdftex.def)             Requested size: 465.54283pt x 43.36232pt.

Overfull \hbox (10.54283pt too wide) in paragraph at lines 1054--1055
 [] 
 []

<CBMS/modosrockgregos_temperley.png, id=825, 640.3925pt x 403.5075pt>
File: CBMS/modosrockgregos_temperley.png Graphic file (type png)

<use CBMS/modosrockgregos_temperley.png>
Package pdftex.def Info: CBMS/modosrockgregos_temperley.png used on input line 
1066.
(pdftex.def)             Requested size: 384.23846pt x 242.10637pt.
 [39 <./CBMS/COG_re_lineoffifths.png (PNG copy)> <./CBMS/modosrockgregos_temper
ley.png>]
Underfull \vbox (badness 10000) has occurred while \output is active []

 [40]
<CBMS/probeones_krumhansl_p36.png, id=857, 368.37625pt x 556.0775pt>
File: CBMS/probeones_krumhansl_p36.png Graphic file (type png)

<use CBMS/probeones_krumhansl_p36.png>
Package pdftex.def Info: CBMS/probeones_krumhansl_p36.png used on input line 10
94.
(pdftex.def)             Requested size: 221.02744pt x 333.64908pt.

<CBMS/krumhansl_temperley_p174.png, id=870, 515.9275pt x 411.5375pt>
File: CBMS/krumhansl_temperley_p174.png Graphic file (type png)

<use CBMS/krumhansl_temperley_p174.png>
Package pdftex.def Info: CBMS/krumhansl_temperley_p174.png used on input line 1
110.
(pdftex.def)             Requested size: 309.55888pt x 246.92441pt.


LaTeX Warning: `!h' float specifier changed to `!ht'.

[41 <./CBMS/probeones_krumhansl_p36.png>] [42 <./CBMS/krumhansl_temperley_p174.
png>] <CBMS/temperley_mod_keyprofile.png, id=894, 515.9275pt x 439.6425pt>
File: CBMS/temperley_mod_keyprofile.png Graphic file (type png)

<use CBMS/temperley_mod_keyprofile.png>
Package pdftex.def Info: CBMS/temperley_mod_keyprofile.png used on input line 1
162.
(pdftex.def)             Requested size: 309.55888pt x 263.78752pt.

Underfull \vbox (badness 10000) has occurred while \output is active []

 [43 <./CBMS/temperley_mod_keyprofile.png>]
Underfull \vbox (badness 4242) has occurred while \output is active []

 [44]
[45] [46

] [47] [48]
<algo/equivalencia_inversa.png, id=993, 1170.3725pt x 239.89626pt>
File: algo/equivalencia_inversa.png Graphic file (type png)

<use algo/equivalencia_inversa.png>
Package pdftex.def Info: algo/equivalencia_inversa.png used on input line 1249.

(pdftex.def)             Requested size: 351.11446pt x 71.96942pt.

<OM_settheory/vetor02410.png, id=994, 262.9825pt x 121.45375pt>
File: OM_settheory/vetor02410.png Graphic file (type png)

<use OM_settheory/vetor02410.png>
Package pdftex.def Info: OM_settheory/vetor02410.png used on input line 1268.
(pdftex.def)             Requested size: 157.7907pt x 72.87279pt.


LaTeX Warning: Command \~ invalid in math mode on input line 1279.

[49 <./algo/equivalencia_inversa.png> <./OM_settheory/vetor02410.png>]
<OM_settheory/reducao_acorde.png, id=999, 292.09125pt x 396.48125pt>
File: OM_settheory/reducao_acorde.png Graphic file (type png)

<use OM_settheory/reducao_acorde.png>
Package pdftex.def Info: OM_settheory/reducao_acorde.png used on input line 131
7.
(pdftex.def)             Requested size: 204.46246pt x 277.53497pt.

<OM_settheory/forma_normal.png, id=1000, 480.79625pt x 405.515pt>
File: OM_settheory/forma_normal.png Graphic file (type png)

<use OM_settheory/forma_normal.png>
Package pdftex.def Info: OM_settheory/forma_normal.png used on input line 1327.

(pdftex.def)             Requested size: 336.55507pt x 283.85855pt.


LaTeX Warning: `h' float specifier changed to `ht'.


Underfull \vbox (badness 10000) has occurred while \output is active []

 [50 <./OM_settheory/reducao_acorde.png>]
<OM_settheory/forma_prima_forte_vector.png, id=1006, 424.58624pt x 579.16376pt>
File: OM_settheory/forma_prima_forte_vector.png Graphic file (type png)
<use OM_settheory/forma_prima_forte_vector.png>
Package pdftex.def Info: OM_settheory/forma_prima_forte_vector.png used on inpu
t line 1341.
(pdftex.def)             Requested size: 297.20834pt x 405.41187pt.


LaTeX Warning: `h' float specifier changed to `ht'.

[51 <./OM_settheory/forma_normal.png>]
Underfull \vbox (badness 1655) has occurred while \output is active []

 [52 <./OM_settheory/forma_prima_forte_vector.png>]
<OM_settheory/notas_comuns_2e10.png, id=1024, 378.41376pt x 302.12875pt>
File: OM_settheory/notas_comuns_2e10.png Graphic file (type png)

<use OM_settheory/notas_comuns_2e10.png>
Package pdftex.def Info: OM_settheory/notas_comuns_2e10.png used on input line 
1384.
(pdftex.def)             Requested size: 264.88782pt x 211.48868pt.

<OM_settheory/notas_comuns_tritono.png, id=1025, 446.66875pt x 351.3125pt>
File: OM_settheory/notas_comuns_tritono.png Graphic file (type png)

<use OM_settheory/notas_comuns_tritono.png>
Package pdftex.def Info: OM_settheory/notas_comuns_tritono.png used on input li
ne 1398.
(pdftex.def)             Requested size: 312.66599pt x 245.91707pt.


LaTeX Warning: `!h' float specifier changed to `!ht'.

[53 <./OM_settheory/notas_comuns_2e10.png>]
<OM_settheory/palindrome1.png, id=1031, 313.17pt x 354.32375pt>
File: OM_settheory/palindrome1.png Graphic file (type png)

<use OM_settheory/palindrome1.png>
Package pdftex.def Info: OM_settheory/palindrome1.png used on input line 1420.
(pdftex.def)             Requested size: 187.90344pt x 212.59589pt.


LaTeX Warning: `!h' float specifier changed to `!ht'.

<OM_settheory/palindrome2.png, id=1032, 308.15125pt x 360.34625pt>
File: OM_settheory/palindrome2.png Graphic file (type png)

<use OM_settheory/palindrome2.png>
Package pdftex.def Info: OM_settheory/palindrome2.png used on input line 1430.
(pdftex.def)             Requested size: 184.89217pt x 216.20941pt.


LaTeX Warning: `!h' float specifier changed to `!ht'.


Underfull \vbox (badness 10000) has occurred while \output is active []

 [54 <./OM_settheory/notas_comuns_tritono.png>]
<OM_settheory/complemento.png, id=1037, 313.17pt x 329.23pt>
File: OM_settheory/complemento.png Graphic file (type png)

<use OM_settheory/complemento.png>
Package pdftex.def Info: OM_settheory/complemento.png used on input line 1442.
(pdftex.def)             Requested size: 187.90344pt x 197.53952pt.


LaTeX Warning: `!h' float specifier changed to `!ht'.

[55 <./OM_settheory/palindrome1.png> <./OM_settheory/palindrome2.png>]
<OM_settheory/Z_related.png, id=1042, 480.79625pt x 367.3725pt>
File: OM_settheory/Z_related.png Graphic file (type png)

<use OM_settheory/Z_related.png>
Package pdftex.def Info: OM_settheory/Z_related.png used on input line 1457.
(pdftex.def)             Requested size: 336.55507pt x 257.15898pt.


LaTeX Warning: `!h' float specifier changed to `!ht'.


Underfull \vbox (badness 10000) has occurred while \output is active []

 [56 <./OM_settheory/complemento.png>] [57 <./OM_settheory/Z_related.png>] [58]
 [59

]
[60] [61

] [62]
<OMPD/chord-seq-sem-titulo.png, id=1127, 598.235pt x 583.17876pt>
File: OMPD/chord-seq-sem-titulo.png Graphic file (type png)

<use OMPD/chord-seq-sem-titulo.png>
Package pdftex.def Info: OMPD/chord-seq-sem-titulo.png used on input line 1584.

(pdftex.def)             Requested size: 418.76164pt x 408.22235pt.

Underfull \vbox (badness 10000) has occurred while \output is active []

 [63 <./OMPD/chord-seq-sem-titulo.png (PNG copy)>]
<OMPD/OM-listas01.png, id=1134, 625.33624pt x 681.54625pt>
File: OMPD/OM-listas01.png Graphic file (type png)

<use OMPD/OM-listas01.png>
Package pdftex.def Info: OMPD/OM-listas01.png used on input line 1598.
(pdftex.def)             Requested size: 437.73239pt x 477.07912pt.
File: OMPD/OM-listas01.png Graphic file (type png)
 <use OMPD/OM-listas01.png>
Package pdftex.def Info: OMPD/OM-listas01.png used on input line 1606.
(pdftex.def)             Requested size: 437.73239pt x 477.07912pt.


LaTeX Warning: `!h' float specifier changed to `!ht'.


Underfull \vbox (badness 10000) has occurred while \output is active []

 [64 <./OMPD/OM-listas01.png (PNG copy)>]
<OMPD/series-OM.png, id=1142, 472.76625pt x 174.6525pt>
File: OMPD/series-OM.png Graphic file (type png)

<use OMPD/series-OM.png>
Package pdftex.def Info: OMPD/series-OM.png used on input line 1619.
(pdftex.def)             Requested size: 330.93411pt x 122.2559pt.


LaTeX Warning: `!h' float specifier changed to `!ht'.


Underfull \vbox (badness 10000) has occurred while \output is active []

 [65]
<OMPD/segmentaOM.png, id=1150, 883.3pt x 526.96875pt>
File: OMPD/segmentaOM.png Graphic file (type png)

<use OMPD/segmentaOM.png>
Package pdftex.def Info: OMPD/segmentaOM.png used on input line 1629.
(pdftex.def)             Requested size: 353.31374pt x 210.78375pt.

Underfull \vbox (badness 10000) has occurred while \output is active []

 [66 <./OMPD/series-OM.png (PNG copy)> <./OMPD/segmentaOM.png>]
<OMPD/PD-midifile_write_-mrpeach.png, id=1168, 863.225pt x 705.63625pt>
File: OMPD/PD-midifile_write_-mrpeach.png Graphic file (type png)

<use OMPD/PD-midifile_write_-mrpeach.png>
Package pdftex.def Info: OMPD/PD-midifile_write_-mrpeach.png used on input line
 1656.
(pdftex.def)             Requested size: 517.939pt x 423.38501pt.

Overfull \hbox (62.939pt too wide) in paragraph at lines 1656--1657
 [] 
 []


LaTeX Warning: `!h' float specifier changed to `!ht'.

<OMPD/PD-RTC.png, id=1169, 221.82875pt x 635.37375pt>
File: OMPD/PD-RTC.png Graphic file (type png)
 <use OMPD/PD-RTC.png>
Package pdftex.def Info: OMPD/PD-RTC.png used on input line 1673.
(pdftex.def)             Requested size: 155.27905pt x 444.75859pt.


LaTeX Warning: `!h' float specifier changed to `!ht'.

<OMPD/PD-list-abs.png, id=1170, 256.96pt x 692.5875pt>
File: OMPD/PD-list-abs.png Graphic file (type png)

<use OMPD/PD-list-abs.png>
Package pdftex.def Info: OMPD/PD-list-abs.png used on input line 1685.
(pdftex.def)             Requested size: 179.87076pt x 484.80794pt.
 [67]

LaTeX Warning: `!h' float specifier changed to `!ht'.

<OMPD/Probalizador-PD-OSC-OM.png, id=1179, 1086.0575pt x 676.5275pt>
File: OMPD/Probalizador-PD-OSC-OM.png Graphic file (type png)

<use OMPD/Probalizador-PD-OSC-OM.png>
Package pdftex.def Info: OMPD/Probalizador-PD-OSC-OM.png used on input line 169
9.
(pdftex.def)             Requested size: 543.02742pt x 338.26291pt.

Overfull \hbox (88.02742pt too wide) in paragraph at lines 1699--1700
 [] 
 []


LaTeX Warning: `!h' float specifier changed to `!ht'.

[68 <./OMPD/PD-midifile_write_-mrpeach.png>] [69 <./OMPD/PD-RTC.png>] [70 <./OM
PD/PD-list-abs.png>] [71 <./OMPD/Probalizador-PD-OSC-OM.png>] [72

] [73]
Underfull \vbox (badness 10000) has occurred while \output is active []

 [74]
Underfull \hbox (badness 5756) in paragraph at lines 1745--1745
 [] [] [][]\T1/lmr/m/n/10 (+20) Tutorial ofi-cial de lilypond-scheme: [][]$<[]h
ttp : / / lilypond . org / doc / v2 . 16 / Documentation / source /
 []

<score/lilypond.pdf, id=1221, 321.2pt x 256.96pt>
File: score/lilypond.pdf Graphic file (type pdf)
 <use score/lilypond.pdf>
Package pdftex.def Info: score/lilypond.pdf used on input line 1752.
(pdftex.def)             Requested size: 240.89941pt x 192.71951pt.

<score/musicxml.pdf, id=1224, 481.8pt x 377.41pt>
File: score/musicxml.pdf Graphic file (type pdf)
 <use score/musicxml.pdf>
Package pdftex.def Info: score/musicxml.pdf used on input line 1768.
(pdftex.def)             Requested size: 240.8994pt x 188.70453pt.

Underfull \vbox (badness 10000) has occurred while \output is active []

 [75 <./score/lilypond.pdf>]
Overfull \hbox (15.24796pt too wide) in paragraph at lines 1776--1777
[]\T1/lmr/m/n/12 (-20) Pela sua na-tu-reza de c-digo aberto alto-nvel de ori-
en-ta-o a ob-je-tos, Python([][]ROSSUM;
 []

[76 <./score/musicxml.pdf>]
Underfull \hbox (badness 10000) in paragraph at lines 1793--1793
 [] [] [][][][]$\T1/lmr/m/n/10 (+20) <[]http : / / web . mit . edu / music21 / 
doc / moduleReference / moduleChord . html ? #music21 . chord . Chord .
 []

[77] [78

]
Underfull \vbox (badness 10000) has occurred while \output is active []

 [79]
Overfull \hbox (2.80165pt too wide) in paragraph at lines 1825--1826
[]\T1/lmr/m/n/12 (-20) Partiremos de pis-tas j dei-xa-das por au-to-res que ap
ro-fun-da-ram o tema ([][]MARSHALL[][],
 []

(./luteria_v0.6.QUALIFICA.bbl (./luteria_v0.6.QUALIFICA.brf)
\tf@brf=\write5
\openout5 = `luteria_v0.6.QUALIFICA.brf'.

 [80]
bibitemlist
[81

] [82] [83] [84]) [85] [86

] [87

] [88]
Overfull \hbox (151.94083pt too wide) in paragraph at lines 1942--1995
[][] 
 []


LaTeX Warning: Float too large for page by 31.49922pt on input line 1995.


LaTeX Warning: `h' float specifier changed to `ht'.


Underfull \vbox (badness 10000) has occurred while \output is active []

 [89

]

LaTeX Warning: Float too large for page by 16.99924pt on input line 2054.


LaTeX Warning: `h' float specifier changed to `ht'.

[90] [91] [92

] (./luteria_v0.6.QUALIFICA.ind) 
AED: lastpage setting LastPage
[93]
\tf@lof=\write6
\openout6 = `luteria_v0.6.QUALIFICA.lof'.

\tf@toc=\write7
\openout7 = `luteria_v0.6.QUALIFICA.toc'.

Package atveryend Info: Empty hook `BeforeClearDocument' on input line 2071.
Package atveryend Info: Empty hook `AfterLastShipout' on input line 2071.
 (./luteria_v0.6.QUALIFICA.aux)
Package atveryend Info: Executing hook `AtVeryEndDocument' on input line 2071.
Package atveryend Info: Executing hook `AtEndAfterFileList' on input line 2071.



Package rerunfilecheck Warning: File `luteria_v0.6.QUALIFICA.brf' has changed.
(rerunfilecheck)                Rerun to get bibliographical references right.

Package rerunfilecheck Info: Checksums for `luteria_v0.6.QUALIFICA.brf':
(rerunfilecheck)             Before: 6B143C43312DD320D3CA4A997C465BAB;14295
(rerunfilecheck)             After:  D707E1872EC3271B89F18AAE33AE68BC;14295.

LaTeX Warning: There were multiply-defined labels.

Package atveryend Info: Empty hook `AtVeryVeryEnd' on input line 2071.
 ) 
Here is how much of TeX's memory you used:
 16376 strings out of 495039
 247369 string characters out of 3181250
 526839 words of memory out of 3000000
 18749 multiletter control sequences out of 15000+200000
 93411 words of font info for 171 fonts, out of 3000000 for 9000
 16 hyphenation exceptions out of 8191
 43i,13n,35p,1222b,662s stack positions out of 5000i,500n,10000p,200000b,50000s
pdfTeX warning (dest): name{page.95} has been referenced but does not exist, 
replaced by a fixed one

{/usr/share/texmf/fonts/enc/dvips/lm/lm-rm.enc}{/usr/share/texmf/fonts/enc/dvip
s/lm/lm-mathsy.enc}{/usr/share/texmf/fonts/enc/dvips/lm/lm-mathit.enc}{/usr/sha
re/texmf/fonts/enc/dvips/lm/lm-mathex.enc}{/usr/share/texmf/fonts/enc/dvips/lm/
lm-ec.enc}</usr/share/texmf/fonts/type1/public/lm/lmbx10.pfb></usr/share/texmf/
fonts/type1/public/lm/lmbx12.pfb></usr/share/texmf/fonts/type1/public/lm/lmex10
.pfb></usr/share/texmf/fonts/type1/public/lm/lmmi12.pfb></usr/share/texmf/fonts
/type1/public/lm/lmmi8.pfb></usr/share/texmf/fonts/type1/public/lm/lmr10.pfb></
usr/share/texmf/fonts/type1/public/lm/lmr12.pfb></usr/share/texmf/fonts/type1/p
ublic/lm/lmr6.pfb></usr/share/texmf/fonts/type1/public/lm/lmr7.pfb></usr/share/
texmf/fonts/type1/public/lm/lmr8.pfb></usr/share/texmf/fonts/type1/public/lm/lm
ri10.pfb></usr/share/texmf/fonts/type1/public/lm/lmri12.pfb></usr/share/texmf/f
onts/type1/public/lm/lmss12.pfb></usr/share/texmf/fonts/type1/public/lm/lmss17.
pfb></usr/share/texmf/fonts/type1/public/lm/lmssbx10.pfb></usr/share/texmf/font
s/type1/public/lm/lmsy10.pfb></usr/share/texmf/fonts/type1/public/lm/lmsy8.pfb>
Output written on luteria_v0.6.QUALIFICA.pdf (95 pages, 1689573 bytes).
PDF statistics:
 1905 PDF objects out of 2073 (max. 8388607)
 1657 compressed objects within 17 object streams
 325 named destinations out of 1000 (max. 500000)
 28315 words of extra memory for PDF output out of 29859 (max. 10000000)

